<?xml version="1.0" encoding="UTF-8"?>
<!-- Generated by org.testng.reporters.JUnitReportReporter -->
<testsuite hostname="DESKTOP-8J69BQV" failures="0" tests="1" name="testsnap.snap_test" time="2.128" errors="0" timestamp="2023-10-10T10:24:06 IST" skipped="0">
  <testcase classname="testsnap.snap_test" name="verify_signup" time="2.128"/>
</testsuite> <!-- testsnap.snap_test -->
